{"/home/ceducode/Desktop/React/03-gifs-app/src/GifsApp.tsx": {"path":"/home/ceducode/Desktop/React/03-gifs-app/src/GifsApp.tsx","statementMap":{"0":{"start":{"line":8,"column":23},"end":{"line":41,"column":null}},"1":{"start":{"line":15,"column":3},"end":{"line":15,"column":null}},"2":{"start":{"line":27,"column":36},"end":{"line":27,"column":null}}},"fnMap":{"0":{"name":"(anonymous_0)","decl":{"start":{"line":8,"column":23},"end":{"line":8,"column":null}},"loc":{"start":{"line":8,"column":23},"end":{"line":41,"column":null}},"line":8},"1":{"name":"(anonymous_1)","decl":{"start":{"line":27,"column":17},"end":{"line":27,"column":18}},"loc":{"start":{"line":27,"column":36},"end":{"line":27,"column":null}},"line":27}},"branchMap":{},"s":{"0":1,"1":1,"2":0},"f":{"0":1,"1":0},"b":{},"meta":{"lastBranch":0,"lastFunction":2,"lastStatement":3,"seen":{"s:8:23:41:Infinity":0,"f:8:23:8:Infinity":0,"s:15:3:15:Infinity":1,"f:27:17:27:18":1,"s:27:36:27:Infinity":2}}}
,"/home/ceducode/Desktop/React/03-gifs-app/src/counter/components/MyCounterApp.tsx": {"path":"/home/ceducode/Desktop/React/03-gifs-app/src/counter/components/MyCounterApp.tsx","statementMap":{"0":{"start":{"line":4,"column":28},"end":{"line":21,"column":null}},"1":{"start":{"line":6,"column":59},"end":{"line":6,"column":null}}},"fnMap":{"0":{"name":"(anonymous_0)","decl":{"start":{"line":4,"column":28},"end":{"line":4,"column":null}},"loc":{"start":{"line":4,"column":28},"end":{"line":21,"column":null}},"line":4}},"branchMap":{},"s":{"0":2,"1":7},"f":{"0":7},"b":{},"meta":{"lastBranch":0,"lastFunction":1,"lastStatement":2,"seen":{"s:4:28:21:Infinity":0,"f:4:28:4:Infinity":0,"s:6:59:6:Infinity":1}}}
,"/home/ceducode/Desktop/React/03-gifs-app/src/counter/hooks/useCounter.tsx": {"path":"/home/ceducode/Desktop/React/03-gifs-app/src/counter/hooks/useCounter.tsx","statementMap":{"0":{"start":{"line":3,"column":26},"end":{"line":30,"column":null}},"1":{"start":{"line":5,"column":29},"end":{"line":5,"column":null}},"2":{"start":{"line":7,"column":20},"end":{"line":9,"column":null}},"3":{"start":{"line":8,"column":4},"end":{"line":8,"column":null}},"4":{"start":{"line":11,"column":25},"end":{"line":13,"column":null}},"5":{"start":{"line":12,"column":4},"end":{"line":12,"column":null}},"6":{"start":{"line":12,"column":30},"end":{"line":12,"column":null}},"7":{"start":{"line":15,"column":22},"end":{"line":17,"column":null}},"8":{"start":{"line":16,"column":4},"end":{"line":16,"column":null}},"9":{"start":{"line":20,"column":2},"end":{"line":29,"column":null}}},"fnMap":{"0":{"name":"(anonymous_0)","decl":{"start":{"line":3,"column":26},"end":{"line":3,"column":27}},"loc":{"start":{"line":3,"column":52},"end":{"line":30,"column":null}},"line":3},"1":{"name":"(anonymous_1)","decl":{"start":{"line":7,"column":20},"end":{"line":7,"column":null}},"loc":{"start":{"line":7,"column":20},"end":{"line":9,"column":null}},"line":7},"2":{"name":"(anonymous_2)","decl":{"start":{"line":11,"column":25},"end":{"line":11,"column":null}},"loc":{"start":{"line":11,"column":25},"end":{"line":13,"column":null}},"line":11},"3":{"name":"(anonymous_3)","decl":{"start":{"line":12,"column":15},"end":{"line":12,"column":16}},"loc":{"start":{"line":12,"column":30},"end":{"line":12,"column":null}},"line":12},"4":{"name":"(anonymous_4)","decl":{"start":{"line":15,"column":22},"end":{"line":15,"column":null}},"loc":{"start":{"line":15,"column":22},"end":{"line":17,"column":null}},"line":15}},"branchMap":{"0":{"loc":{"start":{"line":3,"column":27},"end":{"line":3,"column":52}},"type":"default-arg","locations":[{"start":{"line":3,"column":50},"end":{"line":3,"column":52}}],"line":3}},"s":{"0":2,"1":15,"2":15,"3":2,"4":15,"5":8,"6":8,"7":15,"8":1,"9":15},"f":{"0":15,"1":2,"2":8,"3":8,"4":1},"b":{"0":[15]},"meta":{"lastBranch":1,"lastFunction":5,"lastStatement":10,"seen":{"s:3:26:30:Infinity":0,"f:3:26:3:27":0,"b:3:50:3:52":0,"s:5:29:5:Infinity":1,"s:7:20:9:Infinity":2,"f:7:20:7:Infinity":1,"s:8:4:8:Infinity":3,"s:11:25:13:Infinity":4,"f:11:25:11:Infinity":2,"s:12:4:12:Infinity":5,"f:12:15:12:16":3,"s:12:30:12:Infinity":6,"s:15:22:17:Infinity":7,"f:15:22:15:Infinity":4,"s:16:4:16:Infinity":8,"s:20:2:29:Infinity":9}}}
,"/home/ceducode/Desktop/React/03-gifs-app/src/gifs/actions/get-gifs-by-query.action.ts": {"path":"/home/ceducode/Desktop/React/03-gifs-app/src/gifs/actions/get-gifs-by-query.action.ts","statementMap":{"0":{"start":{"line":5,"column":30},"end":{"line":35,"column":null}},"1":{"start":{"line":7,"column":2},"end":{"line":9,"column":null}},"2":{"start":{"line":8,"column":4},"end":{"line":8,"column":null}},"3":{"start":{"line":11,"column":2},"end":{"line":31,"column":null}},"4":{"start":{"line":13,"column":21},"end":{"line":18,"column":null}},"5":{"start":{"line":20,"column":4},"end":{"line":26,"column":null}},"6":{"start":{"line":20,"column":44},"end":{"line":26,"column":null}},"7":{"start":{"line":29,"column":4},"end":{"line":29,"column":null}},"8":{"start":{"line":30,"column":4},"end":{"line":30,"column":null}}},"fnMap":{"0":{"name":"(anonymous_0)","decl":{"start":{"line":5,"column":30},"end":{"line":5,"column":37}},"loc":{"start":{"line":5,"column":37},"end":{"line":35,"column":null}},"line":5},"1":{"name":"(anonymous_1)","decl":{"start":{"line":20,"column":34},"end":{"line":20,"column":35}},"loc":{"start":{"line":20,"column":44},"end":{"line":26,"column":null}},"line":20}},"branchMap":{"0":{"loc":{"start":{"line":7,"column":2},"end":{"line":9,"column":null}},"type":"if","locations":[{"start":{"line":7,"column":2},"end":{"line":9,"column":null}},{"start":{},"end":{}}],"line":7}},"s":{"0":3,"1":6,"2":1,"3":5,"4":5,"5":4,"6":40,"7":1,"8":1},"f":{"0":6,"1":40},"b":{"0":[1,5]},"meta":{"lastBranch":1,"lastFunction":2,"lastStatement":9,"seen":{"s:5:30:35:Infinity":0,"f:5:30:5:37":0,"b:7:2:9:Infinity:undefined:undefined:undefined:undefined":0,"s:7:2:9:Infinity":1,"s:8:4:8:Infinity":2,"s:11:2:31:Infinity":3,"s:13:21:18:Infinity":4,"s:20:4:26:Infinity":5,"f:20:34:20:35":1,"s:20:44:26:Infinity":6,"s:29:4:29:Infinity":7,"s:30:4:30:Infinity":8}}}
,"/home/ceducode/Desktop/React/03-gifs-app/src/gifs/api/giphy.api.ts": {"path":"/home/ceducode/Desktop/React/03-gifs-app/src/gifs/api/giphy.api.ts","statementMap":{"0":{"start":{"line":3,"column":24},"end":{"line":9,"column":null}}},"fnMap":{},"branchMap":{},"s":{"0":4},"f":{},"b":{},"meta":{"lastBranch":0,"lastFunction":0,"lastStatement":1,"seen":{"s:3:24:9:Infinity":0}}}
,"/home/ceducode/Desktop/React/03-gifs-app/src/gifs/components/GifList.tsx": {"path":"/home/ceducode/Desktop/React/03-gifs-app/src/gifs/components/GifList.tsx","statementMap":{"0":{"start":{"line":7,"column":23},"end":{"line":24,"column":null}}},"fnMap":{"0":{"name":"(anonymous_0)","decl":{"start":{"line":7,"column":23},"end":{"line":7,"column":24}},"loc":{"start":{"line":7,"column":39},"end":{"line":24,"column":null}},"line":7}},"branchMap":{},"s":{"0":1},"f":{"0":1},"b":{},"meta":{"lastBranch":0,"lastFunction":1,"lastStatement":1,"seen":{"s:7:23:24:Infinity":0,"f:7:23:7:24":0}}}
,"/home/ceducode/Desktop/React/03-gifs-app/src/gifs/components/PreviousSearches.tsx": {"path":"/home/ceducode/Desktop/React/03-gifs-app/src/gifs/components/PreviousSearches.tsx","statementMap":{"0":{"start":{"line":9,"column":32},"end":{"line":24,"column":null}},"1":{"start":{"line":17,"column":29},"end":{"line":17,"column":null}}},"fnMap":{"0":{"name":"(anonymous_0)","decl":{"start":{"line":9,"column":32},"end":{"line":9,"column":33}},"loc":{"start":{"line":9,"column":68},"end":{"line":24,"column":null}},"line":9},"1":{"name":"(anonymous_1)","decl":{"start":{"line":17,"column":23},"end":{"line":17,"column":29}},"loc":{"start":{"line":17,"column":29},"end":{"line":17,"column":null}},"line":17}},"branchMap":{},"s":{"0":1,"1":0},"f":{"0":1,"1":0},"b":{},"meta":{"lastBranch":0,"lastFunction":2,"lastStatement":2,"seen":{"s:9:32:24:Infinity":0,"f:9:32:9:33":0,"f:17:23:17:29":1,"s:17:29:17:Infinity":1}}}
,"/home/ceducode/Desktop/React/03-gifs-app/src/gifs/hooks/useGifs.tsx": {"path":"/home/ceducode/Desktop/React/03-gifs-app/src/gifs/hooks/useGifs.tsx","statementMap":{"0":{"start":{"line":8,"column":23},"end":{"line":53,"column":null}},"1":{"start":{"line":10,"column":23},"end":{"line":10,"column":null}},"2":{"start":{"line":11,"column":41},"end":{"line":11,"column":null}},"3":{"start":{"line":13,"column":8},"end":{"line":13,"column":null}},"4":{"start":{"line":15,"column":28},"end":{"line":25,"column":null}},"5":{"start":{"line":17,"column":4},"end":{"line":20,"column":null}},"6":{"start":{"line":18,"column":6},"end":{"line":18,"column":null}},"7":{"start":{"line":19,"column":6},"end":{"line":19,"column":null}},"8":{"start":{"line":21,"column":17},"end":{"line":21,"column":null}},"9":{"start":{"line":22,"column":4},"end":{"line":22,"column":null}},"10":{"start":{"line":23,"column":4},"end":{"line":23,"column":null}},"11":{"start":{"line":27,"column":23},"end":{"line":41,"column":null}},"12":{"start":{"line":29,"column":4},"end":{"line":29,"column":null}},"13":{"start":{"line":30,"column":4},"end":{"line":30,"column":null}},"14":{"start":{"line":30,"column":28},"end":{"line":30,"column":null}},"15":{"start":{"line":32,"column":4},"end":{"line":32,"column":null}},"16":{"start":{"line":32,"column":39},"end":{"line":32,"column":null}},"17":{"start":{"line":34,"column":4},"end":{"line":34,"column":null}},"18":{"start":{"line":36,"column":17},"end":{"line":36,"column":null}},"19":{"start":{"line":37,"column":4},"end":{"line":37,"column":null}},"20":{"start":{"line":39,"column":4},"end":{"line":39,"column":null}},"21":{"start":{"line":40,"column":4},"end":{"line":40,"column":null}},"22":{"start":{"line":43,"column":2},"end":{"line":52,"column":null}}},"fnMap":{"0":{"name":"(anonymous_0)","decl":{"start":{"line":8,"column":23},"end":{"line":8,"column":null}},"loc":{"start":{"line":8,"column":23},"end":{"line":53,"column":null}},"line":8},"1":{"name":"(anonymous_1)","decl":{"start":{"line":15,"column":28},"end":{"line":15,"column":35}},"loc":{"start":{"line":15,"column":35},"end":{"line":25,"column":null}},"line":15},"2":{"name":"(anonymous_2)","decl":{"start":{"line":27,"column":23},"end":{"line":27,"column":30}},"loc":{"start":{"line":27,"column":48},"end":{"line":41,"column":null}},"line":27}},"branchMap":{"0":{"loc":{"start":{"line":17,"column":4},"end":{"line":20,"column":null}},"type":"if","locations":[{"start":{"line":17,"column":4},"end":{"line":20,"column":null}},{"start":{},"end":{}}],"line":17},"1":{"loc":{"start":{"line":27,"column":30},"end":{"line":27,"column":48}},"type":"default-arg","locations":[{"start":{"line":27,"column":46},"end":{"line":27,"column":48}}],"line":27},"2":{"loc":{"start":{"line":30,"column":4},"end":{"line":30,"column":null}},"type":"if","locations":[{"start":{"line":30,"column":4},"end":{"line":30,"column":null}},{"start":{},"end":{}}],"line":30},"3":{"loc":{"start":{"line":32,"column":4},"end":{"line":32,"column":null}},"type":"if","locations":[{"start":{"line":32,"column":4},"end":{"line":32,"column":null}},{"start":{},"end":{}}],"line":32}},"s":{"0":2,"1":19,"2":19,"3":19,"4":19,"5":3,"6":1,"7":1,"8":2,"9":2,"10":2,"11":19,"12":10,"13":10,"14":0,"15":10,"16":0,"17":10,"18":10,"19":10,"20":10,"21":10,"22":19},"f":{"0":19,"1":3,"2":10},"b":{"0":[1,2],"1":[10],"2":[0,10],"3":[0,10]},"meta":{"lastBranch":4,"lastFunction":3,"lastStatement":23,"seen":{"s:8:23:53:Infinity":0,"f:8:23:8:Infinity":0,"s:10:23:10:Infinity":1,"s:11:41:11:Infinity":2,"s:13:8:13:Infinity":3,"s:15:28:25:Infinity":4,"f:15:28:15:35":1,"b:17:4:20:Infinity:undefined:undefined:undefined:undefined":0,"s:17:4:20:Infinity":5,"s:18:6:18:Infinity":6,"s:19:6:19:Infinity":7,"s:21:17:21:Infinity":8,"s:22:4:22:Infinity":9,"s:23:4:23:Infinity":10,"s:27:23:41:Infinity":11,"f:27:23:27:30":2,"b:27:46:27:48":1,"s:29:4:29:Infinity":12,"b:30:4:30:Infinity:undefined:undefined:undefined:undefined":2,"s:30:4:30:Infinity":13,"s:30:28:30:Infinity":14,"b:32:4:32:Infinity:undefined:undefined:undefined:undefined":3,"s:32:4:32:Infinity":15,"s:32:39:32:Infinity":16,"s:34:4:34:Infinity":17,"s:36:17:36:Infinity":18,"s:37:4:37:Infinity":19,"s:39:4:39:Infinity":20,"s:40:4:40:Infinity":21,"s:43:2:52:Infinity":22}}}
,"/home/ceducode/Desktop/React/03-gifs-app/src/shared/components/CustomHeader.tsx": {"path":"/home/ceducode/Desktop/React/03-gifs-app/src/shared/components/CustomHeader.tsx","statementMap":{"0":{"start":{"line":7,"column":28},"end":{"line":21,"column":null}}},"fnMap":{"0":{"name":"(anonymous_0)","decl":{"start":{"line":7,"column":28},"end":{"line":7,"column":29}},"loc":{"start":{"line":7,"column":58},"end":{"line":21,"column":null}},"line":7}},"branchMap":{},"s":{"0":2},"f":{"0":4},"b":{},"meta":{"lastBranch":0,"lastFunction":1,"lastStatement":1,"seen":{"s:7:28:21:Infinity":0,"f:7:28:7:29":0}}}
,"/home/ceducode/Desktop/React/03-gifs-app/src/shared/components/SearchBar.tsx": {"path":"/home/ceducode/Desktop/React/03-gifs-app/src/shared/components/SearchBar.tsx","statementMap":{"0":{"start":{"line":9,"column":25},"end":{"line":54,"column":null}},"1":{"start":{"line":11,"column":25},"end":{"line":11,"column":null}},"2":{"start":{"line":13,"column":2},"end":{"line":25,"column":null}},"3":{"start":{"line":16,"column":22},"end":{"line":18,"column":null}},"4":{"start":{"line":17,"column":6},"end":{"line":17,"column":null}},"5":{"start":{"line":22,"column":4},"end":{"line":24,"column":null}},"6":{"start":{"line":23,"column":6},"end":{"line":23,"column":null}},"7":{"start":{"line":27,"column":23},"end":{"line":30,"column":null}},"8":{"start":{"line":28,"column":4},"end":{"line":28,"column":null}},"9":{"start":{"line":32,"column":24},"end":{"line":37,"column":null}},"10":{"start":{"line":33,"column":4},"end":{"line":35,"column":null}},"11":{"start":{"line":34,"column":6},"end":{"line":34,"column":null}},"12":{"start":{"line":46,"column":31},"end":{"line":46,"column":null}}},"fnMap":{"0":{"name":"(anonymous_0)","decl":{"start":{"line":9,"column":25},"end":{"line":9,"column":26}},"loc":{"start":{"line":9,"column":68},"end":{"line":54,"column":null}},"line":9},"1":{"name":"(anonymous_1)","decl":{"start":{"line":13,"column":12},"end":{"line":13,"column":null}},"loc":{"start":{"line":13,"column":12},"end":{"line":25,"column":5}},"line":13},"2":{"name":"(anonymous_2)","decl":{"start":{"line":16,"column":33},"end":{"line":16,"column":null}},"loc":{"start":{"line":16,"column":33},"end":{"line":18,"column":7}},"line":16},"3":{"name":"(anonymous_3)","decl":{"start":{"line":22,"column":11},"end":{"line":22,"column":null}},"loc":{"start":{"line":22,"column":11},"end":{"line":24,"column":null}},"line":22},"4":{"name":"(anonymous_4)","decl":{"start":{"line":27,"column":23},"end":{"line":27,"column":null}},"loc":{"start":{"line":27,"column":23},"end":{"line":30,"column":null}},"line":27},"5":{"name":"(anonymous_5)","decl":{"start":{"line":32,"column":24},"end":{"line":32,"column":25}},"loc":{"start":{"line":32,"column":25},"end":{"line":37,"column":null}},"line":32},"6":{"name":"(anonymous_6)","decl":{"start":{"line":46,"column":20},"end":{"line":46,"column":21}},"loc":{"start":{"line":46,"column":31},"end":{"line":46,"column":null}},"line":46}},"branchMap":{"0":{"loc":{"start":{"line":9,"column":28},"end":{"line":9,"column":50}},"type":"default-arg","locations":[{"start":{"line":9,"column":42},"end":{"line":9,"column":50}}],"line":9},"1":{"loc":{"start":{"line":33,"column":4},"end":{"line":35,"column":null}},"type":"if","locations":[{"start":{"line":33,"column":4},"end":{"line":35,"column":null}},{"start":{},"end":{}}],"line":33}},"s":{"0":2,"1":12,"2":12,"3":12,"4":2,"5":12,"6":12,"7":12,"8":1,"9":12,"10":0,"11":0,"12":6},"f":{"0":12,"1":12,"2":2,"3":12,"4":1,"5":0,"6":6},"b":{"0":[12],"1":[0,0]},"meta":{"lastBranch":2,"lastFunction":7,"lastStatement":13,"seen":{"s:9:25:54:Infinity":0,"f:9:25:9:26":0,"b:9:42:9:50":0,"s:11:25:11:Infinity":1,"s:13:2:25:Infinity":2,"f:13:12:13:Infinity":1,"s:16:22:18:Infinity":3,"f:16:33:16:Infinity":2,"s:17:6:17:Infinity":4,"s:22:4:24:Infinity":5,"f:22:11:22:Infinity":3,"s:23:6:23:Infinity":6,"s:27:23:30:Infinity":7,"f:27:23:27:Infinity":4,"s:28:4:28:Infinity":8,"s:32:24:37:Infinity":9,"f:32:24:32:25":5,"b:33:4:35:Infinity:undefined:undefined:undefined:undefined":1,"s:33:4:35:Infinity":10,"s:34:6:34:Infinity":11,"f:46:20:46:21":6,"s:46:31:46:Infinity":12}}}
,"/home/ceducode/Desktop/React/03-gifs-app/tests/mock/giphy.response.data.ts": {"path":"/home/ceducode/Desktop/React/03-gifs-app/tests/mock/giphy.response.data.ts","statementMap":{"0":{"start":{"line":1,"column":38},"end":{"line":2095,"column":null}}},"fnMap":{},"branchMap":{},"s":{"0":1},"f":{},"b":{},"meta":{"lastBranch":0,"lastFunction":0,"lastStatement":1,"seen":{"s:1:38:2095:Infinity":0}}}
}
