{"/home/ceducode/Desktop/React/02-first-steps/src/FirstStepsApp.tsx": {"path":"/home/ceducode/Desktop/React/02-first-steps/src/FirstStepsApp.tsx","statementMap":{"0":{"start":{"line":8,"column":34},"end":{"line":12,"column":null}}},"fnMap":{"0":{"name":"FirstStepsApp","decl":{"start":{"line":14,"column":16},"end":{"line":14,"column":null}},"loc":{"start":{"line":14,"column":16},"end":{"line":33,"column":null}},"line":14}},"branchMap":{},"s":{"0":1},"f":{"0":3},"b":{},"meta":{"lastBranch":0,"lastFunction":1,"lastStatement":1,"seen":{"s:8:34:12:Infinity":0,"f:14:16:14:Infinity":0}}}
,"/home/ceducode/Desktop/React/02-first-steps/src/MyAwesomeApp.tsx": {"path":"/home/ceducode/Desktop/React/02-first-steps/src/MyAwesomeApp.tsx","statementMap":{"0":{"start":{"line":3,"column":18},"end":{"line":3,"column":null}},"1":{"start":{"line":4,"column":17},"end":{"line":4,"column":null}},"2":{"start":{"line":6,"column":22},"end":{"line":6,"column":null}},"3":{"start":{"line":7,"column":17},"end":{"line":7,"column":null}},"4":{"start":{"line":9,"column":16},"end":{"line":12,"column":null}},"5":{"start":{"line":15,"column":31},"end":{"line":22,"column":null}},"6":{"start":{"line":25,"column":21},"end":{"line":45,"column":null}}},"fnMap":{"0":{"name":"(anonymous_0)","decl":{"start":{"line":25,"column":21},"end":{"line":25,"column":null}},"loc":{"start":{"line":25,"column":21},"end":{"line":45,"column":null}},"line":25}},"branchMap":{"0":{"loc":{"start":{"line":36,"column":11},"end":{"line":36,"column":null}},"type":"cond-expr","locations":[{"start":{"line":36,"column":22},"end":{"line":36,"column":33}},{"start":{"line":36,"column":33},"end":{"line":36,"column":null}}],"line":36}},"s":{"0":1,"1":1,"2":1,"3":1,"4":1,"5":1,"6":1},"f":{"0":4},"b":{"0":[0,4]},"meta":{"lastBranch":1,"lastFunction":1,"lastStatement":7,"seen":{"s:3:18:3:Infinity":0,"s:4:17:4:Infinity":1,"s:6:22:6:Infinity":2,"s:7:17:7:Infinity":3,"s:9:16:12:Infinity":4,"s:15:31:22:Infinity":5,"s:25:21:45:Infinity":6,"f:25:21:25:Infinity":0,"b:36:22:36:33:36:33:36:Infinity":0}}}
,"/home/ceducode/Desktop/React/02-first-steps/src/helpers/math.helper.ts": {"path":"/home/ceducode/Desktop/React/02-first-steps/src/helpers/math.helper.ts","statementMap":{"0":{"start":{"line":3,"column":19},"end":{"line":6,"column":null}},"1":{"start":{"line":5,"column":2},"end":{"line":5,"column":null}},"2":{"start":{"line":8,"column":24},"end":{"line":10,"column":null}},"3":{"start":{"line":9,"column":2},"end":{"line":9,"column":null}},"4":{"start":{"line":12,"column":24},"end":{"line":14,"column":null}},"5":{"start":{"line":13,"column":2},"end":{"line":13,"column":null}},"6":{"start":{"line":16,"column":22},"end":{"line":18,"column":null}},"7":{"start":{"line":17,"column":2},"end":{"line":17,"column":null}}},"fnMap":{"0":{"name":"(anonymous_0)","decl":{"start":{"line":3,"column":19},"end":{"line":3,"column":20}},"loc":{"start":{"line":3,"column":31},"end":{"line":6,"column":null}},"line":3},"1":{"name":"(anonymous_1)","decl":{"start":{"line":8,"column":24},"end":{"line":8,"column":25}},"loc":{"start":{"line":8,"column":36},"end":{"line":10,"column":null}},"line":8},"2":{"name":"(anonymous_2)","decl":{"start":{"line":12,"column":24},"end":{"line":12,"column":25}},"loc":{"start":{"line":12,"column":36},"end":{"line":14,"column":null}},"line":12},"3":{"name":"(anonymous_3)","decl":{"start":{"line":16,"column":22},"end":{"line":16,"column":23}},"loc":{"start":{"line":16,"column":34},"end":{"line":18,"column":null}},"line":16}},"branchMap":{},"s":{"0":1,"1":2,"2":1,"3":2,"4":1,"5":2,"6":1,"7":1},"f":{"0":2,"1":2,"2":2,"3":1},"b":{},"meta":{"lastBranch":0,"lastFunction":4,"lastStatement":8,"seen":{"s:3:19:6:Infinity":0,"f:3:19:3:20":0,"s:5:2:5:Infinity":1,"s:8:24:10:Infinity":2,"f:8:24:8:25":1,"s:9:2:9:Infinity":3,"s:12:24:14:Infinity":4,"f:12:24:12:25":2,"s:13:2:13:Infinity":5,"s:16:22:18:Infinity":6,"f:16:22:16:23":3,"s:17:2:17:Infinity":7}}}
,"/home/ceducode/Desktop/React/02-first-steps/src/shopping-cart/ItemCounter.module.css": {"path":"/home/ceducode/Desktop/React/02-first-steps/src/shopping-cart/ItemCounter.module.css","statementMap":{},"fnMap":{},"branchMap":{},"s":{},"f":{},"b":{},"meta":{"lastBranch":0,"lastFunction":0,"lastStatement":0,"seen":{}}}
,"/home/ceducode/Desktop/React/02-first-steps/src/shopping-cart/ItemCounter.tsx": {"path":"/home/ceducode/Desktop/React/02-first-steps/src/shopping-cart/ItemCounter.tsx","statementMap":{"0":{"start":{"line":12,"column":27},"end":{"line":57,"column":null}},"1":{"start":{"line":14,"column":25},"end":{"line":14,"column":null}},"2":{"start":{"line":16,"column":20},"end":{"line":18,"column":null}},"3":{"start":{"line":17,"column":4},"end":{"line":17,"column":null}},"4":{"start":{"line":20,"column":25},"end":{"line":25,"column":null}},"5":{"start":{"line":22,"column":4},"end":{"line":22,"column":null}},"6":{"start":{"line":22,"column":21},"end":{"line":22,"column":null}},"7":{"start":{"line":24,"column":4},"end":{"line":24,"column":null}}},"fnMap":{"0":{"name":"(anonymous_0)","decl":{"start":{"line":12,"column":27},"end":{"line":12,"column":28}},"loc":{"start":{"line":12,"column":57},"end":{"line":57,"column":null}},"line":12},"1":{"name":"(anonymous_1)","decl":{"start":{"line":16,"column":20},"end":{"line":16,"column":null}},"loc":{"start":{"line":16,"column":20},"end":{"line":18,"column":null}},"line":16},"2":{"name":"(anonymous_2)","decl":{"start":{"line":20,"column":25},"end":{"line":20,"column":null}},"loc":{"start":{"line":20,"column":25},"end":{"line":25,"column":null}},"line":20}},"branchMap":{"0":{"loc":{"start":{"line":12,"column":36},"end":{"line":12,"column":48}},"type":"default-arg","locations":[{"start":{"line":12,"column":47},"end":{"line":12,"column":48}}],"line":12},"1":{"loc":{"start":{"line":22,"column":4},"end":{"line":22,"column":null}},"type":"if","locations":[{"start":{"line":22,"column":4},"end":{"line":22,"column":null}},{"start":{},"end":{}}],"line":22},"2":{"loc":{"start":{"line":42,"column":19},"end":{"line":42,"column":null}},"type":"cond-expr","locations":[{"start":{"line":42,"column":33},"end":{"line":42,"column":41}},{"start":{"line":42,"column":41},"end":{"line":42,"column":null}}],"line":42}},"s":{"0":1,"1":9,"2":9,"3":1,"4":9,"5":2,"6":1,"7":1},"f":{"0":9,"1":1,"2":2},"b":{"0":[9],"1":[1,1],"2":[4,5]},"meta":{"lastBranch":3,"lastFunction":3,"lastStatement":8,"seen":{"s:12:27:57:Infinity":0,"f:12:27:12:28":0,"b:12:47:12:48":0,"s:14:25:14:Infinity":1,"s:16:20:18:Infinity":2,"f:16:20:16:Infinity":1,"s:17:4:17:Infinity":3,"s:20:25:25:Infinity":4,"f:20:25:20:Infinity":2,"b:22:4:22:Infinity:undefined:undefined:undefined:undefined":1,"s:22:4:22:Infinity":5,"s:22:21:22:Infinity":6,"s:24:4:24:Infinity":7,"b:42:33:42:41:42:41:42:Infinity":2}}}
}
